0 2.290857
1 1.359113
2 2.923668
3 2.592285
4 2.399176
5 1.781545
6 2.253814
7 2.182463
8 2.516631
9 2.458222
10 2.212662
11 2.147421
12 2.854273
13 2.203984
14 2.536472
15 1.871937
16 1.978885
17 3.222685
18 3.251660
19 3.388575
20 2.508212
21 2.510018
22 2.409814
23 2.115045
24 1.640681
25 2.119548
26 2.766066
27 2.778424
28 2.355834
29 1.989384
30 2.206275
31 2.047057
32 2.377015
33 1.974042
34 1.710098
35 1.760224
36 1.752508
37 1.957019
38 1.653154
39 1.863161
40 2.275485
41 2.085961
42 1.980608
43 2.022617
44 1.819429
45 2.084571
46 1.770709
47 1.744539
48 1.644500
49 1.735421
50 1.557035
51 1.905316
52 1.735640
53 1.731964
54 1.791429
55 1.803192
56 2.199636
57 2.030788
58 2.041600
59 2.167129
60 1.775696
61 2.082505
62 2.059956
63 2.054470
64 2.269593
65 2.689534
66 2.325629
67 2.486346
68 2.737806
69 2.643770
70 2.689534
71 2.401554
72 2.407628
73 2.759485
74 2.536472
75 2.336476
76 2.161067
77 2.204135
78 2.295944
79 1.522997
80 2.123786
81 2.214970
82 3.885778
83 4.055789
84 3.039393
85 2.892508
86 2.756752
87 3.032999
88 2.813717
89 2.366669
90 2.136737
91 2.344208
92 1.994358
93 1.878286
94 1.819429
95 1.995734
96 1.852228
97 1.889901
98 2.210471
99 2.256751
100 2.260551
101 2.722334
102 2.191153
103 1.509532
104 1.930656
105 1.725658
106 1.952349
107 1.808496
108 1.876424
109 1.830362
111 1.785537
112 2.093352
113 1.886166
114 2.041143
115 1.705695
116 1.519696
117 1.436226
118 1.701196
119 1.557035
120 1.653951
121 1.337283
122 1.408634
123 1.410008
124 1.397798
125 1.105236
126 0.838844
127 1.246370
128 0.997867
129 0.784665
130 0.736824
131 0.643765
132 0.499386
133 0.446260
134 0.321458
135 0.482824
140 0.068414
141 0.259200
143 0.039900
144 0.332612
149 0.025750
150 0.311458
151 0.019738
154 0.110444
158 0.091808
162 0.158595
163 0.791786
164 0.588800
165 0.662305
166 0.595371
167 0.574321
168 0.013352
169 0.612252
170 0.672476
171 0.357785
172 0.926031
174 0.347722
175 0.834345
176 0.909294
177 0.719576
178 0.541782
179 0.524610
180 1.029386
181 0.931865
182 0.917001
183 1.040222
184 0.933714
185 1.040222
186 1.250598
187 0.753629
188 0.673143
190 0.087091
191 1.363295
192 0.769331
193 0.568519
194 0.698096
195 0.535674
196 0.643765
197 0.637515
198 0.569217
199 0.349509
200 0.393899
201 0.476768
202 0.253719
203 0.476768
204 0.347262
205 0.404523
206 0.315996
207 0.265880
208 0.254757
209 0.276256
210 0.260055
211 0.178892
212 0.180805
213 0.181343
214 0.382880
215 0.248973
216 0.249467
217 0.229594
218 0.248143
219 0.224186
220 0.184105
221 0.166925
222 0.140436
224 0.159185
237 0.000820
238 1.023050
239 3.973243
240 4.749491
241 4.147866
242 4.646451
243 4.334034
244 4.547302
245 5.258092
248 0.244434
249 3.114829
250 4.771357
251 4.668295
252 4.506428
253 4.694825
254 4.065079
255 3.306097
256 3.255467
257 3.376464
258 3.786139
259 3.549228
260 5.497327
261 5.016435
262 4.918026
263 5.471073
264 4.272975
265 4.847888
266 4.696101
267 5.252412
268 4.976650
269 5.064745
270 4.533808
271 5.389814
272 5.235085
274 5.146504
275 5.087178
276 4.521310
277 4.880687
278 4.654611
279 3.204954
280 4.847888
281 4.623362
282 4.979085
283 4.673419
284 5.121215
285 4.538025
286 4.082743
287 4.891620
288 4.415105
289 4.968152
290 4.280681
291 4.618294
292 4.586222
293 4.382306
294 4.944508
295 4.173918
296 4.727624
297 4.640160
298 4.119912
299 4.810283
300 4.514591
301 5.110282
302 4.365748
303 4.727624
304 4.377766
305 3.964949
306 4.541762
307 5.186813
308 3.618154
309 5.022825
310 4.288498
311 4.787734
312 4.891644
313 4.316555
314 2.751516
315 3.973243
316 3.885778
317 4.184508
318 3.920665
319 4.027908
320 4.891596
321 4.165299
322 4.804156
323 4.537745
324 4.618318
325 4.776307
326 4.188076
327 4.432432
328 4.778000
329 4.316072
330 4.355900
331 4.334034
332 3.791920
333 4.704127
334 4.027908
335 4.218310
336 4.418981
337 4.148172
338 3.926613
339 4.530829
340 4.607361
341 3.339125
342 3.847937
343 4.098046
344 4.690141
345 4.248158
346 4.651365
347 4.193741
348 4.480703
349 4.643471
350 4.445416
351 3.934050
352 4.957219
354 4.363433
355 5.208679
356 4.825741
357 5.313344
358 4.754030
359 5.389158
360 4.688432
361 5.334547
362 4.246384
363 5.121215
364 4.319302
365 5.230545
366 4.038827
367 4.301235
368 4.880687
369 4.065247
370 4.488508
371 4.241164
372 4.082645
373 3.923117
374 4.036512
375 4.126306
376 4.104440
377 3.989629
378 4.530829
379 4.071640
380 3.567234
381 4.280340
382 3.874845
383 3.648888
384 3.973243
385 3.645251
386 3.954081
387 4.371295
388 4.399523
389 3.748180
390 4.342906
391 2.412551
392 3.809247
393 3.350058
394 3.800737
395 4.180971
396 3.323497
397 3.215033
398 2.059956
399 3.306326
400 3.685079
401 4.154550
402 3.902858
403 3.201820
404 3.131185
405 4.935353
406 4.332210
407 3.645275
408 3.191539
409 3.168768
410 3.070672
411 3.126857
412 1.893651
413 2.661275
414 3.146836
415 2.453546
416 1.902354
417 1.928802
418 2.197546
419 1.882794
420 1.610867
421 1.265518
422 1.497830
423 1.750771
424 1.902354
425 1.250292
426 2.256751
427 2.801143
428 1.521489
429 2.032314
430 2.077283
431 1.631461
432 2.175680
433 1.885437
434 2.188965
435 3.018286
436 2.213019
437 2.081822
439 1.813119
440 2.326002
441 2.312491
442 2.195473
443 2.131948
444 2.038090
445 2.412574
446 2.722334
447 2.585943
448 2.409814
449 2.737806
450 2.631937
451 2.866140
452 2.768571
453 2.453546
454 2.626725
455 2.781177
456 2.431680
457 2.973794
458 3.142222
459 3.301748
460 3.214322
461 2.488325
462 2.518368
463 3.146836
464 3.240727
465 2.637552
466 2.661275
467 2.806206
468 3.225255
469 2.642794
470 3.237493
471 3.533079
472 2.967401
473 2.923668
474 2.756589
475 3.754581
476 3.945326
477 4.100343
478 5.154014
479 3.988715
480 4.395154
481 3.423170
482 3.424508
483 3.376922
484 3.754263
485 3.331042
486 3.765514
487 3.600570
488 4.563628
489 4.267132
490 4.064031
491 3.842046
492 4.016975
493 2.990163
494 4.574561
