0 1.968802
1 1.419985
2 2.242390
3 1.778364
4 1.846939
5 1.540980
6 1.508274
7 1.452534
8 1.298352
9 1.235394
10 1.814889
11 1.374436
12 1.730147
13 1.721087
14 2.081119
15 2.265190
16 1.871393
17 2.358665
20 0.907087
21 2.147423
22 1.706022
23 2.039120
24 1.851141
25 2.373123
26 2.725714
27 2.990986
28 2.654435
29 2.313521
30 3.094058
31 2.254769
32 1.957286
33 2.339676
34 0.736167
35 2.144380
36 1.834166
37 2.350609
38 1.921007
39 1.667305
40 1.952349
41 1.608571
42 2.011684
43 1.140420
44 1.521777
45 1.563429
46 1.191199
47 1.869554
48 2.162704
49 1.818588
50 1.087342
51 1.421299
52 1.235501
53 1.603675
54 1.716148
55 1.714800
56 1.487808
57 1.787881
58 1.702354
59 2.417698
60 2.578061
61 3.466327
63 0.253901
64 3.147152
65 2.121015
66 1.568579
67 1.984287
68 2.214857
69 1.979010
70 2.179295
71 2.066350
72 2.017427
73 1.253779
74 0.424323
75 0.333885
76 3.239826
77 1.947200
78 2.340499
79 2.025071
80 1.545665
81 2.383409
82 2.646517
83 1.802669
84 2.197546
85 1.922429
86 1.749312
87 2.568048
88 2.168511
89 2.592285
90 1.822877
91 2.497143
92 2.149460
93 2.481806
94 2.217560
95 2.687619
96 3.236188
97 2.059736
98 2.386609
100 1.071689
101 3.217078
102 1.826350
103 2.128000
104 2.121015
105 2.117724
106 2.237219
107 1.996308
108 2.539793
109 2.188814
110 2.733288
111 1.771157
112 2.000751
113 2.537546
114 3.012309
115 2.246298
116 1.928745
117 2.614210
118 2.018220
119 1.998754
120 1.789530
121 2.039120
122 1.822993
123 2.295944
124 1.518180
125 1.244192
126 2.033679
127 2.809798
128 2.299109
129 2.870561
130 3.676924
131 1.859652
132 2.801143
133 1.846375
134 1.937662
136 1.878867
137 1.438292
138 2.247429
139 1.680919
140 2.164747
141 2.295944
142 0.129646
143 4.102999
144 2.055417
145 1.643097
146 2.790071
147 2.096727
148 2.145882
149 2.264650
150 2.277911
151 2.177964
152 1.804226
153 1.552496
154 1.587953
155 1.831224
156 1.548252
157 1.341176
158 1.540186
159 1.754638
160 1.970136
161 1.495450
162 1.682868
163 1.666135
164 1.782090
165 1.533391
166 1.580439
167 1.689204
168 1.402101
169 1.607161
170 1.354883
171 1.430305
172 0.860755
173 1.529340
174 1.099589
175 1.406932
176 1.152119
177 1.095485
178 1.016775
179 0.759247
180 0.484202
181 0.574858
182 0.371523
183 0.297507
184 0.308132
186 0.190767
187 0.126277
195 0.001271
260 0.001528
261 0.600259
262 0.856016
263 0.814740
264 2.184838
265 2.191802
266 1.845634
267 1.641030
268 2.144761
269 2.034970
270 1.984919
271 2.448064
272 3.043690
273 2.313286
274 2.731638
275 2.027342
276 2.590993
277 2.976288
278 3.357550
279 3.011373
280 3.183001
281 3.157786
282 3.244052
283 3.401311
284 3.403034
285 3.241788
286 3.706957
287 2.507417
288 3.695481
290 3.893773
291 4.657487
292 3.514754
293 2.141598
294 3.626156
295 3.948766
296 4.540088
297 4.745783
298 3.022340
299 3.414209
300 4.589769
301 4.174812
302 3.759465
303 4.130214
304 4.041311
305 4.526290
306 3.237802
307 2.373006
308 2.275485
309 2.744135
310 3.662577
311 2.534042
312 4.028000
313 3.140771
314 3.883485
315 3.378470
316 3.926738
317 4.468827
318 4.223429
319 3.471792
320 3.971860
321 4.896571
322 3.962147
323 4.365461
324 4.930813
325 4.778028
326 4.465953
327 4.679353
328 3.654355
329 3.492131
330 3.691516
331 4.464285
332 4.114805
333 4.092684
334 2.620827
335 3.159656
336 3.615327
337 3.701384
338 4.570022
339 3.661123
340 3.571738
341 3.422050
342 2.607929
343 3.006593
344 1.942486
346 1.496794
347 2.608564
348 2.362170
349 2.338454
350 3.695377
351 3.251908
352 3.789143
353 3.249343
354 3.499217
355 4.384160
356 2.646349
357 1.740890
358 2.617043
359 3.179229
360 5.193207
361 4.188059
362 4.018925
363 2.634869
364 4.354621
365 4.067615
366 4.196814
367 3.176262
368 2.339676
369 2.487273
370 2.445283
371 1.997139
372 2.459940
374 0.580642
375 4.820027
376 3.517714
377 3.015074
378 5.171341
379 3.734646
380 4.231097
381 3.300675
383 0.730470
384 4.162446
385 2.755133
386 3.306086
387 3.091511
388 3.749737
389 0.935078
390 2.524705
391 2.241990
392 3.039393
393 2.691376
394 1.149174
395 0.910194
396 0.698096
397 0.976816
398 1.057339
399 0.892056
400 0.423306
401 0.106149
402 1.097838
403 1.670343
404 1.494740
405 1.965143
406 1.803956
407 1.734657
408 2.634869
409 1.706727
410 1.924220
413 0.763354
414 6.334891
415 1.963195
416 2.708695
417 2.388571
418 2.536472
426 0.016206
428 0.573276
429 2.381030
430 4.100787
431 4.734808
432 5.100012
433 3.310748
434 4.958098
435 3.202487
436 4.543680
437 5.820119
438 4.687696
439 4.676699
440 5.640119
441 4.676650
442 4.613658
443 4.901338
443 0.729600
